# JRE version: OpenJDK Runtime Environment Temurin-21.0.8+9 (21.0.8+9) (build 21.0.8+9-LTS)
# Java VM: OpenJDK 64-Bit Server VM Temurin-21.0.8+9 (21.0.8+9-LTS, mixed mode, sharing, tiered, compressed oops, compressed class ptrs, parallel gc, windows-amd64)
GC Precious Log:
 CardTable entry size: 512
 CPUs: 8 total, 8 available
 Memory: 6005M
 Large Page Support: Disabled
 NUMA Support: Disabled
 Compressed Oops: Enabled (32-bit)
 Alignments: Space 512K, Generation 512K, Heap 2M
 Heap Min Capacity: 100M
 Heap Initial Capacity: 100M
 Heap Max Capacity: 2G
 Pre-touch: Disabled
 Parallel Workers: 8
Heap:
 PSYoungGen      total 8192K, used 4409K [0x00000000d5580000, 0x00000000d5f80000, 0x0000000100000000)
  eden space 5120K, 82% used [0x00000000d5580000,0x00000000d599e500,0x00000000d5a80000)
  from space 3072K, 6% used [0x00000000d5b80000,0x00000000d5bb0000,0x00000000d5e80000)
  to   space 1024K, 0% used [0x00000000d5e80000,0x00000000d5e80000,0x00000000d5f80000)
 ParOldGen       total 1046528K, used 1046448K [0x0000000080000000, 0x00000000bfe00000, 0x00000000d5580000)
  object space 1046528K, 99% used [0x0000000080000000,0x00000000bfdec178,0x00000000bfe00000)
 Metaspace       used 100386K, committed 102144K, reserved 1179648K
  class space    used 9909K, committed 10752K, reserved 1048576K
GC Heap History (20 events):
Event: 510920.565 GC heap before
{Heap before GC invocations=4694 (full 7):
 PSYoungGen      total 4608K, used 4224K [0x00000000d5580000, 0x00000000d5b00000, 0x0000000100000000)
  eden space 4096K, 100% used [0x00000000d5580000,0x00000000d5980000,0x00000000d5980000)
  from space 512K, 25% used [0x00000000d5a00000,0x00000000d5a20000,0x00000000d5a80000)
  to   space 512K, 0% used [0x00000000d5a80000,0x00000000d5a80000,0x00000000d5b00000)
 ParOldGen       total 1036800K, used 1036578K [0x0000000080000000, 0x00000000bf480000, 0x00000000d5580000)
  object space 1036800K, 99% used [0x0000000080000000,0x00000000bf448ab8,0x00000000bf480000)
 Metaspace       used 100380K, committed 102144K, reserved 1179648K
  class space    used 9909K, committed 10752K, reserved 1048576K
}
Event: 510920.567 GC heap after
{Heap after GC invocations=4694 (full 7):
 PSYoungGen      total 4608K, used 474K [0x00000000d5580000, 0x00000000d5b80000, 0x0000000100000000)
  eden space 4096K, 0% used [0x00000000d5580000,0x00000000d5580000,0x00000000d5980000)
  from space 512K, 92% used [0x00000000d5a80000,0x00000000d5af6900,0x00000000d5b00000)
  to   space 1024K, 0% used [0x00000000d5980000,0x00000000d5980000,0x00000000d5a80000)
 ParOldGen       total 1036800K, used 1036618K [0x0000000080000000, 0x00000000bf480000, 0x00000000d5580000)
  object space 1036800K, 99% used [0x0000000080000000,0x00000000bf452ab8,0x00000000bf480000)
 Metaspace       used 100380K, committed 102144K, reserved 1179648K
  class space    used 9909K, committed 10752K, reserved 1048576K
}
Event: 511722.526 GC heap before
{Heap before GC invocations=4695 (full 7):
 PSYoungGen      total 4608K, used 4570K [0x00000000d5580000, 0x00000000d5b80000, 0x0000000100000000)
  eden space 4096K, 100% used [0x00000000d5580000,0x00000000d5980000,0x00000000d5980000)
  from space 512K, 92% used [0x00000000d5a80000,0x00000000d5af6900,0x00000000d5b00000)
  to   space 1024K, 0% used [0x00000000d5980000,0x00000000d5980000,0x00000000d5a80000)
 ParOldGen       total 1036800K, used 1036618K [0x0000000080000000, 0x00000000bf480000, 0x00000000d5580000)
  object space 1036800K, 99% used [0x0000000080000000,0x00000000bf452ab8,0x00000000bf480000)
 Metaspace       used 100385K, committed 102144K, reserved 1179648K
  class space    used 9909K, committed 10752K, reserved 1048576K
}
Event: 511722.530 GC heap after
{Heap after GC invocations=4695 (full 7):
 PSYoungGen      total 5120K, used 224K [0x00000000d5580000, 0x00000000d5b00000, 0x0000000100000000)
  eden space 4096K, 0% used [0x00000000d5580000,0x00000000d5580000,0x00000000d5980000)
  from space 1024K, 21% used [0x00000000d5980000,0x00000000d59b8000,0x00000000d5a80000)
  to   space 512K, 0% used [0x00000000d5a80000,0x00000000d5a80000,0x00000000d5b00000)
 ParOldGen       total 1036800K, used 1036658K [0x0000000080000000, 0x00000000bf480000, 0x00000000d5580000)
  object space 1036800K, 99% used [0x0000000080000000,0x00000000bf45cab8,0x00000000bf480000)
 Metaspace       used 100385K, committed 102144K, reserved 1179648K
  class space    used 9909K, committed 10752K, reserved 1048576K
}
Event: 511993.129 GC heap before
{Heap before GC invocations=4696 (full 7):
 PSYoungGen      total 5120K, used 4320K [0x00000000d5580000, 0x00000000d5b00000, 0x0000000100000000)
  eden space 4096K, 100% used [0x00000000d5580000,0x00000000d5980000,0x00000000d5980000)
  from space 1024K, 21% used [0x00000000d5980000,0x00000000d59b8000,0x00000000d5a80000)
  to   space 512K, 0% used [0x00000000d5a80000,0x00000000d5a80000,0x00000000d5b00000)
 ParOldGen       total 1036800K, used 1036658K [0x0000000080000000, 0x00000000bf480000, 0x00000000d5580000)
  object space 1036800K, 99% used [0x0000000080000000,0x00000000bf45cab8,0x00000000bf480000)
 Metaspace       used 100385K, committed 102144K, reserved 1179648K
  class space    used 9909K, committed 10752K, reserved 1048576K
}
Event: 511993.132 GC heap after
{Heap after GC invocations=4696 (full 7):
 PSYoungGen      total 3072K, used 500K [0x00000000d5580000, 0x00000000d5e80000, 0x0000000100000000)
  eden space 2560K, 0% used [0x00000000d5580000,0x00000000d5580000,0x00000000d5800000)
  from space 512K, 97% used [0x00000000d5a80000,0x00000000d5afd220,0x00000000d5b00000)
  to   space 2560K, 0% used [0x00000000d5800000,0x00000000d5800000,0x00000000d5a80000)
 ParOldGen       total 1038336K, used 1037953K [0x0000000080000000, 0x00000000bf600000, 0x00000000d5580000)
  object space 1038336K, 99% used [0x0000000080000000,0x00000000bf5a0408,0x00000000bf600000)
 Metaspace       used 100385K, committed 102144K, reserved 1179648K
  class space    used 9909K, committed 10752K, reserved 1048576K
}
Event: 511993.138 GC heap before
{Heap before GC invocations=4697 (full 7):
 PSYoungGen      total 3072K, used 3060K [0x00000000d5580000, 0x00000000d5e80000, 0x0000000100000000)
  eden space 2560K, 100% used [0x00000000d5580000,0x00000000d5800000,0x00000000d5800000)
  from space 512K, 97% used [0x00000000d5a80000,0x00000000d5afd220,0x00000000d5b00000)
  to   space 2560K, 0% used [0x00000000d5800000,0x00000000d5800000,0x00000000d5a80000)
 ParOldGen       total 1038336K, used 1037953K [0x0000000080000000, 0x00000000bf600000, 0x00000000d5580000)
  object space 1038336K, 99% used [0x0000000080000000,0x00000000bf5a0408,0x00000000bf600000)
 Metaspace       used 100385K, committed 102144K, reserved 1179648K
  class space    used 9909K, committed 10752K, reserved 1048576K
}
Event: 511993.141 GC heap after
{Heap after GC invocations=4697 (full 7):
 PSYoungGen      total 5120K, used 2208K [0x00000000d5580000, 0x00000000d5d00000, 0x0000000100000000)
  eden space 2560K, 0% used [0x00000000d5580000,0x00000000d5580000,0x00000000d5800000)
  from space 2560K, 86% used [0x00000000d5800000,0x00000000d5a28000,0x00000000d5a80000)
  to   space 2560K, 0% used [0x00000000d5a80000,0x00000000d5a80000,0x00000000d5d00000)
 ParOldGen       total 1038848K, used 1038461K [0x0000000080000000, 0x00000000bf680000, 0x00000000d5580000)
  object space 1038848K, 99% used [0x0000000080000000,0x00000000bf61f628,0x00000000bf680000)
 Metaspace       used 100385K, committed 102144K, reserved 1179648K
  class space    used 9909K, committed 10752K, reserved 1048576K
}
Event: 511993.147 GC heap before
{Heap before GC invocations=4698 (full 7):
 PSYoungGen      total 5120K, used 4768K [0x00000000d5580000, 0x00000000d5d00000, 0x0000000100000000)
  eden space 2560K, 100% used [0x00000000d5580000,0x00000000d5800000,0x00000000d5800000)
  from space 2560K, 86% used [0x00000000d5800000,0x00000000d5a28000,0x00000000d5a80000)
  to   space 2560K, 0% used [0x00000000d5a80000,0x00000000d5a80000,0x00000000d5d00000)
 ParOldGen       total 1038848K, used 1038461K [0x0000000080000000, 0x00000000bf680000, 0x00000000d5580000)
  object space 1038848K, 99% used [0x0000000080000000,0x00000000bf61f628,0x00000000bf680000)
 Metaspace       used 100385K, committed 102144K, reserved 1179648K
  class space    used 9909K, committed 10752K, reserved 1048576K
}
Event: 511993.151 GC heap after
{Heap after GC invocations=4698 (full 7):
 PSYoungGen      total 5120K, used 1726K [0x00000000d5580000, 0x00000000d5c80000, 0x0000000100000000)
  eden space 3072K, 0% used [0x00000000d5580000,0x00000000d5580000,0x00000000d5880000)
  from space 2048K, 84% used [0x00000000d5a80000,0x00000000d5c2f950,0x00000000d5c80000)
  to   space 2048K, 0% used [0x00000000d5880000,0x00000000d5880000,0x00000000d5a80000)
 ParOldGen       total 1040896K, used 1040621K [0x0000000080000000, 0x00000000bf880000, 0x00000000d5580000)
  object space 1040896K, 99% used [0x0000000080000000,0x00000000bf83b628,0x00000000bf880000)
 Metaspace       used 100385K, committed 102144K, reserved 1179648K
  class space    used 9909K, committed 10752K, reserved 1048576K
}
Event: 511993.155 GC heap before
{Heap before GC invocations=4699 (full 7):
 PSYoungGen      total 5120K, used 4798K [0x00000000d5580000, 0x00000000d5c80000, 0x0000000100000000)
  eden space 3072K, 99% used [0x00000000d5580000,0x00000000d587ffc8,0x00000000d5880000)
  from space 2048K, 84% used [0x00000000d5a80000,0x00000000d5c2f950,0x00000000d5c80000)
  to   space 2048K, 0% used [0x00000000d5880000,0x00000000d5880000,0x00000000d5a80000)
 ParOldGen       total 1040896K, used 1040621K [0x0000000080000000, 0x00000000bf880000, 0x00000000d5580000)
  object space 1040896K, 99% used [0x0000000080000000,0x00000000bf83b628,0x00000000bf880000)
 Metaspace       used 100385K, committed 102144K, reserved 1179648K
  class space    used 9909K, committed 10752K, reserved 1048576K
}
Event: 511993.158 GC heap after
{Heap after GC invocations=4699 (full 7):
 PSYoungGen      total 5120K, used 1888K [0x00000000d5580000, 0x00000000d5d80000, 0x0000000100000000)
  eden space 3072K, 0% used [0x00000000d5580000,0x00000000d5580000,0x00000000d5880000)
  from space 2048K, 92% used [0x00000000d5880000,0x00000000d5a58000,0x00000000d5a80000)
  to   space 2048K, 0% used [0x00000000d5b80000,0x00000000d5b80000,0x00000000d5d80000)
 ParOldGen       total 1042432K, used 1042203K [0x0000000080000000, 0x00000000bfa00000, 0x00000000d5580000)
  object space 1042432K, 99% used [0x0000000080000000,0x00000000bf9c6f78,0x00000000bfa00000)
 Metaspace       used 100385K, committed 102144K, reserved 1179648K
  class space    used 9909K, committed 10752K, reserved 1048576K
}
Event: 511993.177 GC heap before
{Heap before GC invocations=4700 (full 7):
 PSYoungGen      total 5120K, used 4960K [0x00000000d5580000, 0x00000000d5d80000, 0x0000000100000000)
  eden space 3072K, 100% used [0x00000000d5580000,0x00000000d5880000,0x00000000d5880000)
  from space 2048K, 92% used [0x00000000d5880000,0x00000000d5a58000,0x00000000d5a80000)
  to   space 2048K, 0% used [0x00000000d5b80000,0x00000000d5b80000,0x00000000d5d80000)
 ParOldGen       total 1042432K, used 1042203K [0x0000000080000000, 0x00000000bfa00000, 0x00000000d5580000)
  object space 1042432K, 99% used [0x0000000080000000,0x00000000bf9c6f78,0x00000000bfa00000)
 Metaspace       used 100385K, committed 102144K, reserved 1179648K
  class space    used 9909K, committed 10752K, reserved 1048576K
}
Event: 511993.180 GC heap after
{Heap after GC invocations=4700 (full 7):
 PSYoungGen      total 5120K, used 762K [0x00000000d5580000, 0x00000000d5c80000, 0x0000000100000000)
  eden space 4096K, 0% used [0x00000000d5580000,0x00000000d5580000,0x00000000d5980000)
  from space 1024K, 74% used [0x00000000d5b80000,0x00000000d5c3e900,0x00000000d5c80000)
  to   space 1536K, 0% used [0x00000000d5980000,0x00000000d5980000,0x00000000d5b00000)
 ParOldGen       total 1043968K, used 1043939K [0x0000000080000000, 0x00000000bfb80000, 0x00000000d5580000)
  object space 1043968K, 99% used [0x0000000080000000,0x00000000bfb78f78,0x00000000bfb80000)
 Metaspace       used 100385K, committed 102144K, reserved 1179648K
  class space    used 9909K, committed 10752K, reserved 1048576K
}
Event: 511993.186 GC heap before
{Heap before GC invocations=4701 (full 7):
 PSYoungGen      total 5120K, used 4858K [0x00000000d5580000, 0x00000000d5c80000, 0x0000000100000000)
  eden space 4096K, 100% used [0x00000000d5580000,0x00000000d5980000,0x00000000d5980000)
  from space 1024K, 74% used [0x00000000d5b80000,0x00000000d5c3e900,0x00000000d5c80000)
  to   space 1536K, 0% used [0x00000000d5980000,0x00000000d5980000,0x00000000d5b00000)
 ParOldGen       total 1043968K, used 1043939K [0x0000000080000000, 0x00000000bfb80000, 0x00000000d5580000)
  object space 1043968K, 99% used [0x0000000080000000,0x00000000bfb78f78,0x00000000bfb80000)
 Metaspace       used 100385K, committed 102144K, reserved 1179648K
  class space    used 9909K, committed 10752K, reserved 1048576K
}
Event: 511993.189 GC heap after
{Heap after GC invocations=4701 (full 7):
 PSYoungGen      total 5632K, used 1534K [0x00000000d5580000, 0x00000000d6380000, 0x0000000100000000)
  eden space 4096K, 0% used [0x00000000d5580000,0x00000000d5580000,0x00000000d5980000)
  from space 1536K, 99% used [0x00000000d5980000,0x00000000d5aff950,0x00000000d5b00000)
  to   space 4608K, 0% used [0x00000000d5f00000,0x00000000d5f00000,0x00000000d6380000)
 ParOldGen       total 1046528K, used 1046112K [0x0000000080000000, 0x00000000bfe00000, 0x00000000d5580000)
  object space 1046528K, 99% used [0x0000000080000000,0x00000000bfd98178,0x00000000bfe00000)
 Metaspace       used 100385K, committed 102144K, reserved 1179648K
  class space    used 9909K, committed 10752K, reserved 1048576K
}
Event: 511993.196 GC heap before
{Heap before GC invocations=4702 (full 7):
 PSYoungGen      total 5632K, used 5630K [0x00000000d5580000, 0x00000000d6380000, 0x0000000100000000)
  eden space 4096K, 100% used [0x00000000d5580000,0x00000000d5980000,0x00000000d5980000)
  from space 1536K, 99% used [0x00000000d5980000,0x00000000d5aff950,0x00000000d5b00000)
  to   space 4608K, 0% used [0x00000000d5f00000,0x00000000d5f00000,0x00000000d6380000)
 ParOldGen       total 1046528K, used 1046112K [0x0000000080000000, 0x00000000bfe00000, 0x00000000d5580000)
  object space 1046528K, 99% used [0x0000000080000000,0x00000000bfd98178,0x00000000bfe00000)
 Metaspace       used 100385K, committed 102144K, reserved 1179648K
  class space    used 9909K, committed 10752K, reserved 1048576K
}
Event: 511993.198 GC heap after
{Heap after GC invocations=4702 (full 7):
 PSYoungGen      total 7680K, used 2078K [0x00000000d5580000, 0x00000000d6180000, 0x0000000100000000)
  eden space 5120K, 0% used [0x00000000d5580000,0x00000000d5580000,0x00000000d5a80000)
  from space 2560K, 81% used [0x00000000d5f00000,0x00000000d6107950,0x00000000d6180000)
  to   space 3072K, 0% used [0x00000000d5b80000,0x00000000d5b80000,0x00000000d5e80000)
 ParOldGen       total 1046528K, used 1046192K [0x0000000080000000, 0x00000000bfe00000, 0x00000000d5580000)
  object space 1046528K, 99% used [0x0000000080000000,0x00000000bfdac178,0x00000000bfe00000)
 Metaspace       used 100385K, committed 102144K, reserved 1179648K
  class space    used 9909K, committed 10752K, reserved 1048576K
}
Event: 737650.815 GC heap before
{Heap before GC invocations=4703 (full 7):
 PSYoungGen      total 7680K, used 7198K [0x00000000d5580000, 0x00000000d6180000, 0x0000000100000000)
  eden space 5120K, 99% used [0x00000000d5580000,0x00000000d5a7fff8,0x00000000d5a80000)
  from space 2560K, 81% used [0x00000000d5f00000,0x00000000d6107950,0x00000000d6180000)
  to   space 3072K, 0% used [0x00000000d5b80000,0x00000000d5b80000,0x00000000d5e80000)
 ParOldGen       total 1046528K, used 1046192K [0x0000000080000000, 0x00000000bfe00000, 0x00000000d5580000)
  object space 1046528K, 99% used [0x0000000080000000,0x00000000bfdac178,0x00000000bfe00000)
 Metaspace       used 100385K, committed 102144K, reserved 1179648K
  class space    used 9909K, committed 10752K, reserved 1048576K
}
Event: 737650.996 GC heap after
{Heap after GC invocations=4703 (full 7):
 PSYoungGen      total 8192K, used 192K [0x00000000d5580000, 0x00000000d5f80000, 0x0000000100000000)
  eden space 5120K, 0% used [0x00000000d5580000,0x00000000d5580000,0x00000000d5a80000)
  from space 3072K, 6% used [0x00000000d5b80000,0x00000000d5bb0000,0x00000000d5e80000)
  to   space 1024K, 0% used [0x00000000d5e80000,0x00000000d5e80000,0x00000000d5f80000)
 ParOldGen       total 1046528K, used 1046448K [0x0000000080000000, 0x00000000bfe00000, 0x00000000d5580000)
  object space 1046528K, 99% used [0x0000000080000000,0x00000000bfdec178,0x00000000bfe00000)
 Metaspace       used 100385K, committed 102144K, reserved 1179648K
  class space    used 9909K, committed 10752K, reserved 1048576K
}

